<?xml version="1.0" encoding="UTF-8"?>
<!-- Generated by org.testng.reporters.JUnitXMLReporter -->
<testsuite ignored="0" hostname="Wilfy_Ausus" failures="1" tests="2" name="Bank Manager Login" time="0.051" errors="0" timestamp="28 Feb 2024 09:48:36 GMT">
  <testcase classname="TestCase.bankManagerLogin" name="addCustomer" time="0.0">
    <skipped/>
  </testcase> <!-- addCustomer -->
  <testcase classname="TestCase.bankManagerLogin" name="addCustomer" time="0.018">
    <failure type="java.lang.NullPointerException" message="Cannot invoke &amp;quot;com.aventstack.extentreports.ExtentTest.skip(com.aventstack.extentreports.markuputils.Markup)&amp;quot; because &amp;quot;ExtentListener.ExtentListeners.test&amp;quot; is null">
      <![CDATA[java.lang.NullPointerException: Cannot invoke "com.aventstack.extentreports.ExtentTest.skip(com.aventstack.extentreports.markuputils.Markup)" because "ExtentListener.ExtentListeners.test" is null
at ExtentListener.ExtentListeners.onTestSkipped(ExtentListeners.java:78)
... Removed 23 stack frames]]>
    </failure>
  </testcase> <!-- addCustomer -->
</testsuite> <!-- Bank Manager Login -->
