<?xml version="1.0" encoding="UTF-8"?>
<testng-results ignored="0" total="3" passed="3" failed="0" skipped="0">
  <reporter-output>
  </reporter-output>
  <suite started-at="2024-02-23T06:34:31Z" name="TestNG Practice" finished-at="2024-02-23T06:34:33Z" duration-ms="2914">
    <groups>
    </groups>
    <test started-at="2024-02-23T06:34:31Z" name="Bank Manager Login" finished-at="2024-02-23T06:34:31Z" duration-ms="215">
      <class name="TestCase.bankManagerLogin">
        <test-method signature="addCustomer()[pri:0, instance:TestCase.bankManagerLogin@3185fa6b]" started-at="2024-02-23T06:34:31Z" name="addCustomer" finished-at="2024-02-23T06:34:31Z" duration-ms="191" status="PASS">
          <reporter-output>
          </reporter-output>
        </test-method> <!-- addCustomer -->
      </class> <!-- TestCase.bankManagerLogin -->
    </test> <!-- Bank Manager Login -->
    <test started-at="2024-02-23T06:34:32Z" name="Add Customers" finished-at="2024-02-23T06:34:32Z" duration-ms="824">
      <class name="TestCase.addCustomer">
        <test-method signature="addCustomers(java.lang.String, java.lang.String, java.lang.String)[pri:0, instance:TestCase.addCustomer@fd0e5b6]" started-at="2024-02-23T06:34:32Z" name="addCustomers" data-provider="dp" finished-at="2024-02-23T06:34:32Z" duration-ms="795" status="PASS">
          <params>
            <param index="0">
              <value>
                <![CDATA[lee]]>
              </value>
            </param>
            <param index="1">
              <value>
                <![CDATA[peter]]>
              </value>
            </param>
            <param index="2">
              <value>
                <![CDATA[NG6467]]>
              </value>
            </param>
          </params>
          <reporter-output>
          </reporter-output>
        </test-method> <!-- addCustomers -->
      </class> <!-- TestCase.addCustomer -->
    </test> <!-- Add Customers -->
    <test started-at="2024-02-23T06:34:32Z" name="Open Account" finished-at="2024-02-23T06:34:33Z" duration-ms="983">
      <class name="TestCase.openAccount">
        <test-method is-config="true" signature="setUp()[pri:0, instance:TestCase.openAccount@7e809b79]" started-at="2024-02-23T06:34:17Z" name="setUp" finished-at="2024-02-23T06:34:31Z" duration-ms="13280" status="PASS">
          <reporter-output>
          </reporter-output>
        </test-method> <!-- setUp -->
        <test-method signature="openaccounts(java.lang.String, java.lang.String)[pri:0, instance:TestCase.openAccount@7e809b79]" started-at="2024-02-23T06:34:32Z" name="openaccounts" finished-at="2024-02-23T06:34:33Z" duration-ms="975" status="PASS">
          <params>
            <param index="0">
              <value>
                <![CDATA[lee peter]]>
              </value>
            </param>
            <param index="1">
              <value>
                <![CDATA[Pound]]>
              </value>
            </param>
          </params>
          <reporter-output>
          </reporter-output>
        </test-method> <!-- openaccounts -->
        <test-method is-config="true" signature="tearDown()[pri:0, instance:TestCase.openAccount@7e809b79]" started-at="2024-02-23T06:34:34Z" name="tearDown" finished-at="2024-02-23T06:34:34Z" duration-ms="2" status="PASS">
          <reporter-output>
          </reporter-output>
        </test-method> <!-- tearDown -->
      </class> <!-- TestCase.openAccount -->
    </test> <!-- Open Account -->
  </suite> <!-- TestNG Practice -->
</testng-results>
